  testApp.cpp
c:\users\siskii\desktop\of_v0.8.1_vs_release\libs\poco\include\poco\streamconverter.h(126): warning C4250: 'Poco::InputStreamConverter' : hereda 'std::basic_istream<_Elem,_Traits>::std::basic_istream<_Elem,_Traits>::_Add_vtordisp1' mediante dominación
          with
          [
              _Elem=char,
              _Traits=std::char_traits<char>
          ]
          c:\program files (x86)\microsoft visual studio 11.0\vc\include\istream(74) : vea la declaración de 'std::basic_istream<_Elem,_Traits>::_Add_vtordisp1'
          with
          [
              _Elem=char,
              _Traits=std::char_traits<char>
          ]
c:\users\siskii\desktop\of_v0.8.1_vs_release\libs\poco\include\poco\streamconverter.h(144): warning C4250: 'Poco::OutputStreamConverter' : hereda 'std::basic_ostream<_Elem,_Traits>::std::basic_ostream<_Elem,_Traits>::_Add_vtordisp2' mediante dominación
          with
          [
              _Elem=char,
              _Traits=std::char_traits<char>
          ]
          c:\program files (x86)\microsoft visual studio 11.0\vc\include\ostream(90) : vea la declaración de 'std::basic_ostream<_Elem,_Traits>::_Add_vtordisp2'
          with
          [
              _Elem=char,
              _Traits=std::char_traits<char>
          ]
  Box2DKinect.vcxproj -> C:\Users\SiskiI\Desktop\of_v0.8.1_vs_release\apps\kinectProject\FallRisk\bin\FallRisk_debug.exe
  C:\Users\SiskiI\Desktop\of_v0.8.1_vs_release\apps\kinectProject\FallRisk\..\..\..\export\vs\Assimp32.dll
  C:\Users\SiskiI\Desktop\of_v0.8.1_vs_release\apps\kinectProject\FallRisk\..\..\..\export\vs\fmodex.dll
  C:\Users\SiskiI\Desktop\of_v0.8.1_vs_release\apps\kinectProject\FallRisk\..\..\..\export\vs\fmodexL.dll
  C:\Users\SiskiI\Desktop\of_v0.8.1_vs_release\apps\kinectProject\FallRisk\..\..\..\export\vs\FreeImage.dll
  C:\Users\SiskiI\Desktop\of_v0.8.1_vs_release\apps\kinectProject\FallRisk\..\..\..\export\vs\FreeType-6.dll
  C:\Users\SiskiI\Desktop\of_v0.8.1_vs_release\apps\kinectProject\FallRisk\..\..\..\export\vs\glut32.dll
  C:\Users\SiskiI\Desktop\of_v0.8.1_vs_release\apps\kinectProject\FallRisk\..\..\..\export\vs\libeay32.dll
  C:\Users\SiskiI\Desktop\of_v0.8.1_vs_release\apps\kinectProject\FallRisk\..\..\..\export\vs\ssleay32.dll
  C:\Users\SiskiI\Desktop\of_v0.8.1_vs_release\apps\kinectProject\FallRisk\..\..\..\export\vs\Zlib.dll
  9 archivo(s) copiado(s)
  ..\..\..\addons\ofxKinectCommonBridge\libs\KinectCommonBridge\lib\windows\KinectCommonBridge.dll
  1 archivo(s) copiado(s)
  C:\Users\SiskiI\Desktop\of_v0.8.1_vs_release\apps\kinectProject\FallRisk\..\..\..\export\vs\Assimp32.dll
  C:\Users\SiskiI\Desktop\of_v0.8.1_vs_release\apps\kinectProject\FallRisk\..\..\..\export\vs\fmodex.dll
  C:\Users\SiskiI\Desktop\of_v0.8.1_vs_release\apps\kinectProject\FallRisk\..\..\..\export\vs\fmodexL.dll
  C:\Users\SiskiI\Desktop\of_v0.8.1_vs_release\apps\kinectProject\FallRisk\..\..\..\export\vs\FreeImage.dll
  C:\Users\SiskiI\Desktop\of_v0.8.1_vs_release\apps\kinectProject\FallRisk\..\..\..\export\vs\FreeType-6.dll
  C:\Users\SiskiI\Desktop\of_v0.8.1_vs_release\apps\kinectProject\FallRisk\..\..\..\export\vs\glut32.dll
  C:\Users\SiskiI\Desktop\of_v0.8.1_vs_release\apps\kinectProject\FallRisk\..\..\..\export\vs\libeay32.dll
  C:\Users\SiskiI\Desktop\of_v0.8.1_vs_release\apps\kinectProject\FallRisk\..\..\..\export\vs\ssleay32.dll
  C:\Users\SiskiI\Desktop\of_v0.8.1_vs_release\apps\kinectProject\FallRisk\..\..\..\export\vs\Zlib.dll
  9 archivo(s) copiado(s)
